<?xml version="1.0" encoding="UTF-8"?>
<!-- Generated by org.testng.reporters.JUnitReportReporter -->
<testsuite hostname="LAPTOP-IAB2MOVQ" failures="0" tests="1" name="demotest.mainlogin" time="9.005" errors="0" timestamp="2025-09-04T11:06:43 IST" skipped="0">
  <testcase classname="demotest.mainlogin" name="loginTest" time="9.005"/>
</testsuite> <!-- demotest.mainlogin -->
