<?xml version="1.0" encoding="UTF-8"?>
<!-- Generated by org.testng.reporters.JUnitReportReporter -->
<testsuite hostname="LAPTOP-IAB2MOVQ" failures="0" tests="5" name="demotest.LeadSourceTest$LeadRequirementTest" time="0.001" errors="1" timestamp="2025-08-26T16:44:57 IST" skipped="4">
  <testcase classname="demotest.LeadSourceTest$LeadRequirementTest" name="setUp" time="0.001">
    <error message="Unresolved compilation problem: 
	Duration cannot be resolved
" type="java.lang.Error">
      <![CDATA[java.lang.Error: Unresolved compilation problem: 
Duration cannot be resolved

at demotest.LeadSourceTest$LeadRequirementTest.setUp(LeadSourceTest.java:27)
at java.base/jdk.internal.reflect.DirectMethodHandleAccessor.invoke(DirectMethodHandleAccessor.java:103)
at java.base/java.lang.reflect.Method.invoke(Method.java:580)
at org.testng.internal.invokers.MethodInvocationHelper.invokeMethod(MethodInvocationHelper.java:141)
at org.testng.internal.invokers.MethodInvocationHelper.invokeMethodConsideringTimeout(MethodInvocationHelper.java:71)
at org.testng.internal.invokers.ConfigInvoker.invokeConfigurationMethod(ConfigInvoker.java:400)
at org.testng.internal.invokers.ConfigInvoker.invokeConfigurations(ConfigInvoker.java:333)
at org.testng.TestRunner.invokeTestConfigurations(TestRunner.java:655)
at org.testng.TestRunner.beforeRun(TestRunner.java:644)
at org.testng.TestRunner.run(TestRunner.java:610)
at org.testng.SuiteRunner.runTest(SuiteRunner.java:421)
at org.testng.SuiteRunner.runSequentially(SuiteRunner.java:413)
at org.testng.SuiteRunner.privateRun(SuiteRunner.java:373)
at org.testng.SuiteRunner.run(SuiteRunner.java:312)
at org.testng.SuiteRunnerWorker.runSuite(SuiteRunnerWorker.java:52)
at org.testng.SuiteRunnerWorker.run(SuiteRunnerWorker.java:95)
at org.testng.TestNG.runSuitesSequentially(TestNG.java:1274)
at org.testng.TestNG.runSuitesLocally(TestNG.java:1208)
at org.testng.TestNG.runSuites(TestNG.java:1112)
at org.testng.TestNG.run(TestNG.java:1079)
at org.testng.remote.AbstractRemoteTestNG.run(AbstractRemoteTestNG.java:115)
at org.testng.remote.RemoteTestNG.initAndRun(RemoteTestNG.java:293)
at org.testng.remote.RemoteTestNG.main(RemoteTestNG.java:91)
]]>
    </error>
  </testcase> <!-- setUp -->
  <testcase classname="demotest.LeadSourceTest$LeadRequirementTest" name="openLeadRequirement" time="0.000">
    <skipped/>
  </testcase> <!-- openLeadRequirement -->
  <testcase classname="demotest.LeadSourceTest$LeadRequirementTest" name="createLeadRequirement" time="0.000">
    <skipped/>
  </testcase> <!-- createLeadRequirement -->
  <testcase classname="demotest.LeadSourceTest$LeadRequirementTest" name="editLeadRequirement" time="0.000">
    <skipped/>
  </testcase> <!-- editLeadRequirement -->
  <testcase classname="demotest.LeadSourceTest$LeadRequirementTest" name="deleteLeadRequirement" time="0.000">
    <skipped/>
  </testcase> <!-- deleteLeadRequirement -->
</testsuite> <!-- demotest.LeadSourceTest$LeadRequirementTest -->
